0 info it worked if it ends with ok
1 verbose cli [ '/usr/bin/node', '/usr/bin/npm', 'publish' ]
2 info using npm@3.5.2
3 info using node@v8.10.0
4 verbose publish [ '.' ]
5 silly cache add args [ '.', null ]
6 verbose cache add spec .
7 silly cache add parsed spec Result {
7 silly cache add   raw: '.',
7 silly cache add   scope: null,
7 silly cache add   name: null,
7 silly cache add   rawSpec: '.',
7 silly cache add   spec: '/mnt/c/Users/fana/projet/create-template',
7 silly cache add   type: 'directory' }
8 verbose addLocalDirectory /home/fana/.npm/create-template-module/1.0.2/package.tgz not in flight; packing
9 info lifecycle create-template-module@1.0.2~prepublish: create-template-module@1.0.2
10 silly lifecycle create-template-module@1.0.2~prepublish: no script for prepublish, continuing
11 verbose tar pack [ '/home/fana/.npm/create-template-module/1.0.2/package.tgz',
11 verbose tar pack   '/mnt/c/Users/fana/projet/create-template' ]
12 verbose tarball /home/fana/.npm/create-template-module/1.0.2/package.tgz
13 verbose folder /mnt/c/Users/fana/projet/create-template
14 verbose addLocalTarball adding from inside cache /home/fana/.npm/create-template-module/1.0.2/package.tgz
15 silly cache afterAdd create-template-module@1.0.2
16 verbose afterAdd /home/fana/.npm/create-template-module/1.0.2/package/package.json not in flight; writing
17 verbose afterAdd /home/fana/.npm/create-template-module/1.0.2/package/package.json written
18 silly publish { name: 'create-template-module',
18 silly publish   version: '1.0.2',
18 silly publish   description: 'create template for project',
18 silly publish   main: 'index.js',
18 silly publish   bin: { 'create-template': './index.js' },
18 silly publish   scripts: { create: './create-project-npm.sh' },
18 silly publish   repository:
18 silly publish    { type: 'git',
18 silly publish      url: 'git+https://github.com/fanama/scripts.git' },
18 silly publish   keywords: [ 'start_project', 'node' ],
18 silly publish   author: { name: 'fanama' },
18 silly publish   license: 'ISC',
18 silly publish   bugs: { url: 'https://github.com/fanama/scripts/issues' },
18 silly publish   homepage: 'https://github.com/fanama/scripts#readme',
18 silly publish   dependencies: { 'node-cmd': '^3.0.0' },
18 silly publish   readme: '# Don\'t work yet\r\n\r\ninstall globaly run \r\n\r\n>npm install -g create-template-module\r\n\r\nthen\r\n\r\n>create-template\r\n\r\n',
18 silly publish   readmeFilename: 'README.md',
18 silly publish   gitHead: 'da527fd0cf78a566cc36c2672475a4539548265d',
18 silly publish   _id: 'create-template-module@1.0.2',
18 silly publish   _shasum: '98068d4b47554ac9b669aff531ee189bcbb7e03a',
18 silly publish   _from: '.' }
19 verbose getPublishConfig undefined
20 silly mapToRegistry name create-template-module
21 silly mapToRegistry using default registry
22 silly mapToRegistry registry https://registry.npmjs.org/
23 silly mapToRegistry uri https://registry.npmjs.org/create-template-module
24 verbose publish registryBase https://registry.npmjs.org/
25 silly publish uploading /home/fana/.npm/create-template-module/1.0.2/package.tgz
26 verbose stack Error: auth required for publishing
26 verbose stack     at CachingRegistryClient.publish (/usr/share/npm/node_modules/npm-registry-client/lib/publish.js:30:14)
26 verbose stack     at /usr/share/npm/lib/publish.js:137:14
26 verbose stack     at mapToRegistry (/usr/share/npm/lib/utils/map-to-registry.js:55:3)
26 verbose stack     at publish_ (/usr/share/npm/lib/publish.js:106:3)
26 verbose stack     at Array.<anonymous> (/usr/share/npm/node_modules/slide/lib/bind-actor.js:15:8)
26 verbose stack     at LOOP (/usr/share/npm/node_modules/slide/lib/chain.js:15:14)
26 verbose stack     at LOOP (/usr/share/npm/node_modules/slide/lib/chain.js:14:28)
26 verbose stack     at chain (/usr/share/npm/node_modules/slide/lib/chain.js:20:5)
26 verbose stack     at /usr/share/npm/lib/publish.js:72:5
26 verbose stack     at RES (/usr/share/npm/node_modules/inflight/inflight.js:23:14)
27 verbose cwd /mnt/c/Users/fana/projet/create-template
28 error Linux 4.4.0-18362-Microsoft
29 error argv "/usr/bin/node" "/usr/bin/npm" "publish"
30 error node v8.10.0
31 error npm  v3.5.2
32 error code ENEEDAUTH
33 error need auth auth required for publishing
34 error need auth You need to authorize this machine using `npm adduser`
35 verbose exit [ 1, true ]
